[debug] [2025-08-31T14:46:58.522Z] ----------------------------------------------------------------------
[debug] [2025-08-31T14:46:58.524Z] Command:       C:\Program Files\nodejs\node.exe C:\Users\bolek\AppData\Roaming\npm\node_modules\firebase-tools\lib\bin\firebase.js init
[debug] [2025-08-31T14:46:58.524Z] CLI Version:   14.15.1
[debug] [2025-08-31T14:46:58.525Z] Platform:      win32
[debug] [2025-08-31T14:46:58.525Z] Node Version:  v22.18.0
[debug] [2025-08-31T14:46:58.525Z] Time:          Sun Aug 31 2025 16:46:58 GMT+0200 (Central European Summer Time)
[debug] [2025-08-31T14:46:58.525Z] ----------------------------------------------------------------------
[debug] 
[debug] [2025-08-31T14:46:58.528Z] > command requires scopes: ["email","openid","https://www.googleapis.com/auth/cloudplatformprojects.readonly","https://www.googleapis.com/auth/firebase","https://www.googleapis.com/auth/cloud-platform"]
[debug] [2025-08-31T14:46:58.529Z] > authorizing via signed-in user (maksi40707@gmail.com)
[info] 
     ######## #### ########  ######## ########     ###     ######  ########
     ##        ##  ##     ## ##       ##     ##  ##   ##  ##       ##
     ######    ##  ########  ######   ########  #########  ######  ######
     ##        ##  ##    ##  ##       ##     ## ##     ##       ## ##
     ##       #### ##     ## ######## ########  ##     ##  ######  ########

You're about to initialize a Firebase project in this directory:

  C:\Users\bolek\barsystempro

[info] 
=== Project Setup
[info] 
[info] First, let's associate this project directory with a Firebase project.
[info] You can create multiple project aliases by running firebase use --add, 
[info] but for now we'll just set up a default project.
[info] 
[debug] [2025-08-31T14:47:07.995Z] Using project from CLI flag: barsystempro
[debug] [2025-08-31T14:47:07.996Z] Checked if tokens are valid: true, expires at: 1756654675310
[debug] [2025-08-31T14:47:07.996Z] Checked if tokens are valid: true, expires at: 1756654675310
[debug] [2025-08-31T14:47:07.998Z] >>> [apiv2][query] GET https://firebase.googleapis.com/v1beta1/projects/barsystempro [none]
[debug] [2025-08-31T14:47:08.355Z] <<< [apiv2][status] GET https://firebase.googleapis.com/v1beta1/projects/barsystempro 200
[debug] [2025-08-31T14:47:08.355Z] <<< [apiv2][body] GET https://firebase.googleapis.com/v1beta1/projects/barsystempro {"projectId":"barsystempro","projectNumber":"136537315201","displayName":"barsystempro","name":"projects/barsystempro","resources":{"hostingSite":"barsystempro"},"state":"ACTIVE","etag":"1_46184f6e-73bb-43b5-98e3-8f60fa379951"}
[info] i  Using project barsystempro (barsystempro) 
[info] 
=== Hosting Setup
[debug] [2025-08-31T14:47:08.482Z] Checked if tokens are valid: true, expires at: 1756654675310
[debug] [2025-08-31T14:47:08.482Z] Checked if tokens are valid: true, expires at: 1756654675310
[debug] [2025-08-31T14:47:08.482Z] >>> [apiv2][query] GET https://firebase.googleapis.com/v1beta1/projects/barsystempro [none]
[debug] [2025-08-31T14:47:08.740Z] <<< [apiv2][status] GET https://firebase.googleapis.com/v1beta1/projects/barsystempro 200
[debug] [2025-08-31T14:47:08.740Z] <<< [apiv2][body] GET https://firebase.googleapis.com/v1beta1/projects/barsystempro {"projectId":"barsystempro","projectNumber":"136537315201","displayName":"barsystempro","name":"projects/barsystempro","resources":{"hostingSite":"barsystempro"},"state":"ACTIVE","etag":"1_46184f6e-73bb-43b5-98e3-8f60fa379951"}
[info] 
[info] Your public directory is the folder (relative to your project directory) that
[info] will contain Hosting assets to be uploaded with firebase deploy. If you
[info] have a build process for your assets, use your build's output directory.
[info] 
[info] +  Wrote public/404.html 
[debug] [2025-08-31T14:47:27.487Z] >>> [apiv2][query] GET https://www.gstatic.com/firebasejs/releases.json [none]
[debug] [2025-08-31T14:47:27.626Z] <<< [apiv2][status] GET https://www.gstatic.com/firebasejs/releases.json 200
[debug] [2025-08-31T14:47:27.626Z] <<< [apiv2][body] GET https://www.gstatic.com/firebasejs/releases.json {"current":{"version":"12.2.1","browserURL":"https://www.gstatic.com/firebasejs/12.2.1/firebase.js","packageURL":"https://www.gstatic.com/firebasejs/12.2.1/firebase.tgz"},"live":{"version":"12.2","browserURL":"https://www.gstatic.com/firebasejs/live/12.2/firebase.js","packageURL":"https://www.gstatic.com/firebasejs/live/12.2/firebase.tgz"},"components":{"ai":"https://www.gstatic.com/firebasejs/12.2.1/firebase-ai.js","analytics":"https://www.gstatic.com/firebasejs/12.2.1/firebase-analytics.js","app":"https://www.gstatic.com/firebasejs/12.2.1/firebase-app.js","app-check":"https://www.gstatic.com/firebasejs/12.2.1/firebase-app-check.js","auth":"https://www.gstatic.com/firebasejs/12.2.1/firebase-auth.js","auth/cordova":"https://www.gstatic.com/firebasejs/12.2.1/firebase-auth/cordova.js","auth/web-extension":"https://www.gstatic.com/firebasejs/12.2.1/firebase-auth/web-extension.js","functions":"https://www.gstatic.com/firebasejs/12.2.1/firebase-functions.js","firestore":"https://www.gstatic.com/firebasejs/12.2.1/firebase-firestore.js","firestore/lite":"https://www.gstatic.com/firebasejs/12.2.1/firebase-firestore/lite.js","installations":"https://www.gstatic.com/firebasejs/12.2.1/firebase-installations.js","storage":"https://www.gstatic.com/firebasejs/12.2.1/firebase-storage.js","performance":"https://www.gstatic.com/firebasejs/12.2.1/firebase-performance.js","remote-config":"https://www.gstatic.com/firebasejs/12.2.1/firebase-remote-config.js","messaging":"https://www.gstatic.com/firebasejs/12.2.1/firebase-messaging.js","messaging/sw":"https://www.gstatic.com/firebasejs/12.2.1/firebase-messaging/sw.js","database":"https://www.gstatic.com/firebasejs/12.2.1/firebase-database.js","data-connect":"https://www.gstatic.com/firebasejs/12.2.1/firebase-data-connect.js","firestore.memory":"https://www.gstatic.com/firebasejs/12.2.1/firebase-firestore.memory.js"}}
[info] i  Skipping write of public/index.html 
[info] 
[info] i  Didn't detect a .git folder. Assuming C:\Users\bolek\barsystempro is the project root. 
[info] i  Authorizing with GitHub to upload your service account to a GitHub repository's secrets store. 
[info] 
[info] Visit this URL on this device to log in:
[info] https://github.com/login/oauth/authorize?client_id=89cf50f02ac6aaed3484&state=798201339&redirect_uri=http%3A%2F%2Flocalhost%3A9005&scope=read%3Auser%20repo%20public_repo
[info] 
[info] Waiting for authentication...
